2025-03-16 15:36:20,596 - INFO - Starting ETL pipeline...
2025-03-16 15:36:20,596 - INFO - Step 1: Extracting and transforming data in chunks...
2025-03-16 15:36:54,891 - INFO - Extraction & transform completed. Found 9350 unique locations.
2025-03-16 15:36:58,009 - INFO - Wrote aggregated CSV: averages_per_location_customer.csv (rows=1039521)
2025-03-16 15:36:58,009 - INFO - Step 2: Loading aggregated CSV into MySQL...
2025-03-16 15:37:29,914 - INFO - Load step completed successfully.
2025-03-16 15:37:29,915 - INFO - ETL pipeline completed successfully.
2025-03-16 15:40:53,479 - INFO - Starting ETL pipeline...
2025-03-16 15:40:53,479 - INFO - Step 1: Extracting and transforming data in chunks...
2025-03-16 15:41:29,183 - INFO - Extraction & transform completed. Found 9350 unique locations.
2025-03-16 15:41:32,428 - INFO - Wrote aggregated CSV: averages_per_location_customer.csv (rows=1039521)
2025-03-16 15:41:32,429 - INFO - Step 2: Loading aggregated CSV into MySQL...
2025-03-16 15:42:01,670 - INFO - Load step completed successfully.
2025-03-16 15:42:01,670 - INFO - ETL pipeline completed successfully.
2025-03-16 16:02:41,518 - INFO - Starting ETL pipeline...
2025-03-16 16:02:41,540 - INFO - Step 1: Extracting and transforming data in chunks...
2025-03-16 16:03:17,415 - INFO - Extraction & transform completed. Found 9350 unique locations.
2025-03-16 16:03:20,526 - INFO - Wrote aggregated CSV: averages_per_location_customer.csv (rows=1039521)
2025-03-16 16:03:20,526 - INFO - Step 2: Loading aggregated CSV into MySQL...
2025-03-16 16:04:36,040 - INFO - Load step completed successfully.
2025-03-16 16:04:36,040 - INFO - ETL pipeline completed successfully.
2025-03-16 16:05:45,070 - INFO - Starting ETL pipeline...
2025-03-16 16:05:45,071 - INFO - Step 1: Extracting and transforming data in chunks...
2025-03-16 16:06:20,884 - INFO - Extraction & transform completed. Found 9350 unique locations.
2025-03-16 16:06:24,041 - INFO - Wrote aggregated CSV: averages_per_location_customer.csv (rows=1039521)
2025-03-16 16:06:24,041 - INFO - Step 2: Loading aggregated CSV into MySQL...
2025-03-16 16:07:42,306 - INFO - Load step completed successfully.
2025-03-16 16:07:42,306 - INFO - ETL pipeline completed successfully.
2025-03-16 16:15:59,359 - INFO - Starting ETL pipeline...
2025-03-16 16:15:59,359 - INFO - Step 1: Extracting and transforming data in chunks...
2025-03-16 16:16:34,762 - INFO - Extraction & transform completed. Found 9350 unique locations.
2025-03-16 16:16:37,881 - INFO - Wrote aggregated CSV: averages_per_location_customer.csv (rows=1039521)
2025-03-16 16:16:37,881 - INFO - Step 2: Loading aggregated CSV into MySQL...
2025-03-16 16:17:55,343 - INFO - Load step completed successfully.
2025-03-16 16:17:55,343 - INFO - ETL pipeline completed successfully.
